# JRE version: Java(TM) SE Runtime Environment (7.0_51-b13) (build 1.7.0_51-b13)
# Java VM: Java HotSpot(TM) 64-Bit Server VM (24.51-b03 mixed mode linux-amd64 compressed oops)
Heap
 PSYoungGen      total 101888K, used 17862K [0x00000000ee000000, 0x00000000f8600000, 0x0000000100000000)
  eden space 51200K, 0% used [0x00000000ee000000,0x00000000ee000000,0x00000000f1200000)
  from space 50688K, 35% used [0x00000000f5480000,0x00000000f65f1810,0x00000000f8600000)
  to   space 59392K, 0% used [0x00000000f1200000,0x00000000f1200000,0x00000000f4c00000)
 ParOldGen       total 121344K, used 121131K [0x00000000ca000000, 0x00000000d1680000, 0x00000000ee000000)
  object space 121344K, 99% used [0x00000000ca000000,0x00000000d164ac98,0x00000000d1680000)
 PSPermGen       total 45568K, used 20092K [0x00000000c4e00000, 0x00000000c7a80000, 0x00000000ca000000)
  object space 45568K, 44% used [0x00000000c4e00000,0x00000000c619f2b0,0x00000000c7a80000)
GC Heap History (10 events):
Event: 64.403 GC heap after
Heap after GC invocations=8 (full 1):
 PSYoungGen      total 40448K, used 13276K [0x00000000ee000000, 0x00000000f4600000, 0x0000000100000000)
  eden space 25088K, 0% used [0x00000000ee000000,0x00000000ee000000,0x00000000ef880000)
  from space 15360K, 86% used [0x00000000ef880000,0x00000000f0577168,0x00000000f0780000)
  to   space 27136K, 0% used [0x00000000f2b80000,0x00000000f2b80000,0x00000000f4600000)
 ParOldGen       total 69120K, used 37933K [0x00000000ca000000, 0x00000000ce380000, 0x00000000ee000000)
  object space 69120K, 54% used [0x00000000ca000000,0x00000000cc50b448,0x00000000ce380000)
 PSPermGen       total 40448K, used 20092K [0x00000000c4e00000, 0x00000000c7580000, 0x00000000ca000000)
  object space 40448K, 49% used [0x00000000c4e00000,0x00000000c619f2d0,0x00000000c7580000)
}
Event: 64.538 GC heap before
{Heap before GC invocations=9 (full 1):
 PSYoungGen      total 40448K, used 38364K [0x00000000ee000000, 0x00000000f4600000, 0x0000000100000000)
  eden space 25088K, 100% used [0x00000000ee000000,0x00000000ef880000,0x00000000ef880000)
  from space 15360K, 86% used [0x00000000ef880000,0x00000000f0577168,0x00000000f0780000)
  to   space 27136K, 0% used [0x00000000f2b80000,0x00000000f2b80000,0x00000000f4600000)
 ParOldGen       total 69120K, used 37933K [0x00000000ca000000, 0x00000000ce380000, 0x00000000ee000000)
  object space 69120K, 54% used [0x00000000ca000000,0x00000000cc50b448,0x00000000ce380000)
 PSPermGen       total 40448K, used 20092K [0x00000000c4e00000, 0x00000000c7580000, 0x00000000ca000000)
  object space 40448K, 49% used [0x00000000c4e00000,0x00000000c619f2d0,0x00000000c7580000)
Event: 64.592 GC heap after
Heap after GC invocations=9 (full 1):
 PSYoungGen      total 69120K, used 27125K [0x00000000ee000000, 0x00000000f5480000, 0x0000000100000000)
  eden space 41984K, 0% used [0x00000000ee000000,0x00000000ee000000,0x00000000f0900000)
  from space 27136K, 99% used [0x00000000f2b80000,0x00000000f45fd590,0x00000000f4600000)
  to   space 35328K, 0% used [0x00000000f0900000,0x00000000f0900000,0x00000000f2b80000)
 ParOldGen       total 69120K, used 45072K [0x00000000ca000000, 0x00000000ce380000, 0x00000000ee000000)
  object space 69120K, 65% used [0x00000000ca000000,0x00000000ccc04128,0x00000000ce380000)
 PSPermGen       total 40448K, used 20092K [0x00000000c4e00000, 0x00000000c7580000, 0x00000000ca000000)
  object space 40448K, 49% used [0x00000000c4e00000,0x00000000c619f2d0,0x00000000c7580000)
}
Event: 64.817 GC heap before
{Heap before GC invocations=10 (full 1):
 PSYoungGen      total 69120K, used 69109K [0x00000000ee000000, 0x00000000f5480000, 0x0000000100000000)
  eden space 41984K, 100% used [0x00000000ee000000,0x00000000f0900000,0x00000000f0900000)
  from space 27136K, 99% used [0x00000000f2b80000,0x00000000f45fd590,0x00000000f4600000)
  to   space 35328K, 0% used [0x00000000f0900000,0x00000000f0900000,0x00000000f2b80000)
 ParOldGen       total 69120K, used 45072K [0x00000000ca000000, 0x00000000ce380000, 0x00000000ee000000)
  object space 69120K, 65% used [0x00000000ca000000,0x00000000ccc04128,0x00000000ce380000)
 PSPermGen       total 40448K, used 20092K [0x00000000c4e00000, 0x00000000c7580000, 0x00000000ca000000)
  object space 40448K, 49% used [0x00000000c4e00000,0x00000000c619f2d0,0x00000000c7580000)
Event: 64.901 GC heap after
Heap after GC invocations=10 (full 1):
 PSYoungGen      total 77312K, used 35296K [0x00000000ee000000, 0x00000000f8800000, 0x0000000100000000)
  eden space 41984K, 0% used [0x00000000ee000000,0x00000000ee000000,0x00000000f0900000)
  from space 35328K, 99% used [0x00000000f0900000,0x00000000f2b78040,0x00000000f2b80000)
  to   space 52736K, 0% used [0x00000000f5480000,0x00000000f5480000,0x00000000f8800000)
 ParOldGen       total 72192K, used 72001K [0x00000000ca000000, 0x00000000ce680000, 0x00000000ee000000)
  object space 72192K, 99% used [0x00000000ca000000,0x00000000ce650460,0x00000000ce680000)
 PSPermGen       total 40448K, used 20092K [0x00000000c4e00000, 0x00000000c7580000, 0x00000000ca000000)
  object space 40448K, 49% used [0x00000000c4e00000,0x00000000c619f2d0,0x00000000c7580000)
}
Event: 64.904 GC heap before
{Heap before GC invocations=11 (full 2):
 PSYoungGen      total 77312K, used 35296K [0x00000000ee000000, 0x00000000f8800000, 0x0000000100000000)
  eden space 41984K, 0% used [0x00000000ee000000,0x00000000ee000000,0x00000000f0900000)
  from space 35328K, 99% used [0x00000000f0900000,0x00000000f2b78040,0x00000000f2b80000)
  to   space 52736K, 0% used [0x00000000f5480000,0x00000000f5480000,0x00000000f8800000)
 ParOldGen       total 72192K, used 72001K [0x00000000ca000000, 0x00000000ce680000, 0x00000000ee000000)
  object space 72192K, 99% used [0x00000000ca000000,0x00000000ce650460,0x00000000ce680000)
 PSPermGen       total 40448K, used 20092K [0x00000000c4e00000, 0x00000000c7580000, 0x00000000ca000000)
  object space 40448K, 49% used [0x00000000c4e00000,0x00000000c619f2d0,0x00000000c7580000)
Event: 65.441 GC heap after
Heap after GC invocations=11 (full 2):
 PSYoungGen      total 77312K, used 33678K [0x00000000ee000000, 0x00000000f8800000, 0x0000000100000000)
  eden space 41984K, 0% used [0x00000000ee000000,0x00000000ee000000,0x00000000f0900000)
  from space 35328K, 95% used [0x00000000f0900000,0x00000000f29e3b08,0x00000000f2b80000)
  to   space 52736K, 0% used [0x00000000f5480000,0x00000000f5480000,0x00000000f8800000)
 ParOldGen       total 121344K, used 71783K [0x00000000ca000000, 0x00000000d1680000, 0x00000000ee000000)
  object space 121344K, 59% used [0x00000000ca000000,0x00000000ce619c70,0x00000000d1680000)
 PSPermGen       total 45568K, used 20092K [0x00000000c4e00000, 0x00000000c7a80000, 0x00000000ca000000)
  object space 45568K, 44% used [0x00000000c4e00000,0x00000000c619f2b0,0x00000000c7a80000)
}
Event: 65.789 GC heap before
{Heap before GC invocations=12 (full 2):
 PSYoungGen      total 77312K, used 75662K [0x00000000ee000000, 0x00000000f8800000, 0x0000000100000000)
  eden space 41984K, 100% used [0x00000000ee000000,0x00000000f0900000,0x00000000f0900000)
  from space 35328K, 95% used [0x00000000f0900000,0x00000000f29e3b08,0x00000000f2b80000)
  to   space 52736K, 0% used [0x00000000f5480000,0x00000000f5480000,0x00000000f8800000)
 ParOldGen       total 121344K, used 71783K [0x00000000ca000000, 0x00000000d1680000, 0x00000000ee000000)
  object space 121344K, 59% used [0x00000000ca000000,0x00000000ce619c70,0x00000000d1680000)
 PSPermGen       total 45568K, used 20092K [0x00000000c4e00000, 0x00000000c7a80000, 0x00000000ca000000)
  object space 45568K, 44% used [0x00000000c4e00000,0x00000000c619f2b0,0x00000000c7a80000)
Event: 66.021 GC heap after
Heap after GC invocations=12 (full 2):
 PSYoungGen      total 101888K, used 45605K [0x00000000ee000000, 0x00000000f8600000, 0x0000000100000000)
  eden space 51200K, 0% used [0x00000000ee000000,0x00000000ee000000,0x00000000f1200000)
  from space 50688K, 89% used [0x00000000f5480000,0x00000000f81094f8,0x00000000f8600000)
  to   space 59392K, 0% used [0x00000000f1200000,0x00000000f1200000,0x00000000f4c00000)
 ParOldGen       total 121344K, used 95223K [0x00000000ca000000, 0x00000000d1680000, 0x00000000ee000000)
  object space 121344K, 78% used [0x00000000ca000000,0x00000000cfcfdc70,0x00000000d1680000)
 PSPermGen       total 45568K, used 20092K [0x00000000c4e00000, 0x00000000c7a80000, 0x00000000ca000000)
  object space 45568K, 44% used [0x00000000c4e00000,0x00000000c619f2b0,0x00000000c7a80000)
}
Event: 66.021 GC heap before
{Heap before GC invocations=13 (full 3):
 PSYoungGen      total 101888K, used 45605K [0x00000000ee000000, 0x00000000f8600000, 0x0000000100000000)
  eden space 51200K, 0% used [0x00000000ee000000,0x00000000ee000000,0x00000000f1200000)
  from space 50688K, 89% used [0x00000000f5480000,0x00000000f81094f8,0x00000000f8600000)
  to   space 59392K, 0% used [0x00000000f1200000,0x00000000f1200000,0x00000000f4c00000)
 ParOldGen       total 121344K, used 95223K [0x00000000ca000000, 0x00000000d1680000, 0x00000000ee000000)
  object space 121344K, 78% used [0x00000000ca000000,0x00000000cfcfdc70,0x00000000d1680000)
 PSPermGen       total 45568K, used 20092K [0x00000000c4e00000, 0x00000000c7a80000, 0x00000000ca000000)
  object space 45568K, 44% used [0x00000000c4e00000,0x00000000c619f2b0,0x00000000c7a80000)

