# JRE version: Java(TM) SE Runtime Environment (7.0_51-b13) (build 1.7.0_51-b13)
# Java VM: Java HotSpot(TM) 64-Bit Server VM (24.51-b03 mixed mode linux-amd64 compressed oops)
Heap
 PSYoungGen      total 104448K, used 40856K [0x00000000ee000000, 0x00000000fac80000, 0x0000000100000000)
  eden space 45568K, 0% used [0x00000000ee000000,0x00000000ee000000,0x00000000f0c80000)
  from space 58880K, 69% used [0x00000000f0c80000,0x00000000f34662f8,0x00000000f4600000)
  to   space 77312K, 0% used [0x00000000f6100000,0x00000000f6100000,0x00000000fac80000)
 ParOldGen       total 134144K, used 133765K [0x00000000ca000000, 0x00000000d2300000, 0x00000000ee000000)
  object space 134144K, 99% used [0x00000000ca000000,0x00000000d22a1690,0x00000000d2300000)
 PSPermGen       total 45056K, used 19897K [0x00000000c4e00000, 0x00000000c7a00000, 0x00000000ca000000)
  object space 45056K, 44% used [0x00000000c4e00000,0x00000000c616e718,0x00000000c7a00000)
GC Heap History (10 events):
Event: 4.422 GC heap after
Heap after GC invocations=9 (full 1):
 PSYoungGen      total 66560K, used 28138K [0x00000000ee000000, 0x00000000f4c80000, 0x0000000100000000)
  eden space 38400K, 0% used [0x00000000ee000000,0x00000000ee000000,0x00000000f0580000)
  from space 28160K, 99% used [0x00000000f2c80000,0x00000000f47faac0,0x00000000f4800000)
  to   space 36352K, 0% used [0x00000000f0580000,0x00000000f0580000,0x00000000f2900000)
 ParOldGen       total 76288K, used 45486K [0x00000000ca000000, 0x00000000cea80000, 0x00000000ee000000)
  object space 76288K, 59% used [0x00000000ca000000,0x00000000ccc6bbb8,0x00000000cea80000)
 PSPermGen       total 39936K, used 19897K [0x00000000c4e00000, 0x00000000c7500000, 0x00000000ca000000)
  object space 39936K, 49% used [0x00000000c4e00000,0x00000000c616e718,0x00000000c7500000)
}
Event: 4.664 GC heap before
{Heap before GC invocations=10 (full 1):
 PSYoungGen      total 66560K, used 66538K [0x00000000ee000000, 0x00000000f4c80000, 0x0000000100000000)
  eden space 38400K, 100% used [0x00000000ee000000,0x00000000f0580000,0x00000000f0580000)
  from space 28160K, 99% used [0x00000000f2c80000,0x00000000f47faac0,0x00000000f4800000)
  to   space 36352K, 0% used [0x00000000f0580000,0x00000000f0580000,0x00000000f2900000)
 ParOldGen       total 76288K, used 45486K [0x00000000ca000000, 0x00000000cea80000, 0x00000000ee000000)
  object space 76288K, 59% used [0x00000000ca000000,0x00000000ccc6bbb8,0x00000000cea80000)
 PSPermGen       total 39936K, used 19897K [0x00000000c4e00000, 0x00000000c7500000, 0x00000000ca000000)
  object space 39936K, 49% used [0x00000000c4e00000,0x00000000c616e718,0x00000000c7500000)
Event: 4.748 GC heap after
Heap after GC invocations=10 (full 1):
 PSYoungGen      total 74752K, used 36352K [0x00000000ee000000, 0x00000000f7b80000, 0x0000000100000000)
  eden space 38400K, 0% used [0x00000000ee000000,0x00000000ee000000,0x00000000f0580000)
  from space 36352K, 100% used [0x00000000f0580000,0x00000000f2900000,0x00000000f2900000)
  to   space 53248K, 0% used [0x00000000f4780000,0x00000000f4780000,0x00000000f7b80000)
 ParOldGen       total 76288K, used 70447K [0x00000000ca000000, 0x00000000cea80000, 0x00000000ee000000)
  object space 76288K, 92% used [0x00000000ca000000,0x00000000ce4cbf20,0x00000000cea80000)
 PSPermGen       total 39936K, used 19897K [0x00000000c4e00000, 0x00000000c7500000, 0x00000000ca000000)
  object space 39936K, 49% used [0x00000000c4e00000,0x00000000c616e718,0x00000000c7500000)
}
Event: 4.748 GC heap before
{Heap before GC invocations=11 (full 2):
 PSYoungGen      total 74752K, used 36352K [0x00000000ee000000, 0x00000000f7b80000, 0x0000000100000000)
  eden space 38400K, 0% used [0x00000000ee000000,0x00000000ee000000,0x00000000f0580000)
  from space 36352K, 100% used [0x00000000f0580000,0x00000000f2900000,0x00000000f2900000)
  to   space 53248K, 0% used [0x00000000f4780000,0x00000000f4780000,0x00000000f7b80000)
 ParOldGen       total 76288K, used 70447K [0x00000000ca000000, 0x00000000cea80000, 0x00000000ee000000)
  object space 76288K, 92% used [0x00000000ca000000,0x00000000ce4cbf20,0x00000000cea80000)
 PSPermGen       total 39936K, used 19897K [0x00000000c4e00000, 0x00000000c7500000, 0x00000000ca000000)
  object space 39936K, 49% used [0x00000000c4e00000,0x00000000c616e718,0x00000000c7500000)
Event: 5.277 GC heap after
Heap after GC invocations=11 (full 2):
 PSYoungGen      total 74752K, used 29132K [0x00000000ee000000, 0x00000000f7b80000, 0x0000000100000000)
  eden space 38400K, 0% used [0x00000000ee000000,0x00000000ee000000,0x00000000f0580000)
  from space 36352K, 80% used [0x00000000f0580000,0x00000000f21f3050,0x00000000f2900000)
  to   space 53248K, 0% used [0x00000000f4780000,0x00000000f4780000,0x00000000f7b80000)
 ParOldGen       total 134144K, used 75946K [0x00000000ca000000, 0x00000000d2300000, 0x00000000ee000000)
  object space 134144K, 56% used [0x00000000ca000000,0x00000000cea2a830,0x00000000d2300000)
 PSPermGen       total 45056K, used 19897K [0x00000000c4e00000, 0x00000000c7a00000, 0x00000000ca000000)
  object space 45056K, 44% used [0x00000000c4e00000,0x00000000c616e718,0x00000000c7a00000)
}
Event: 5.549 GC heap before
{Heap before GC invocations=12 (full 2):
 PSYoungGen      total 74752K, used 67532K [0x00000000ee000000, 0x00000000f7b80000, 0x0000000100000000)
  eden space 38400K, 100% used [0x00000000ee000000,0x00000000f0580000,0x00000000f0580000)
  from space 36352K, 80% used [0x00000000f0580000,0x00000000f21f3050,0x00000000f2900000)
  to   space 53248K, 0% used [0x00000000f4780000,0x00000000f4780000,0x00000000f7b80000)
 ParOldGen       total 134144K, used 75946K [0x00000000ca000000, 0x00000000d2300000, 0x00000000ee000000)
  object space 134144K, 56% used [0x00000000ca000000,0x00000000cea2a830,0x00000000d2300000)
 PSPermGen       total 45056K, used 19897K [0x00000000c4e00000, 0x00000000c7a00000, 0x00000000ca000000)
  object space 45056K, 44% used [0x00000000c4e00000,0x00000000c616e718,0x00000000c7a00000)
Event: 5.647 GC heap after
Heap after GC invocations=12 (full 2):
 PSYoungGen      total 98816K, used 43333K [0x00000000ee000000, 0x00000000f7f80000, 0x0000000100000000)
  eden space 45568K, 0% used [0x00000000ee000000,0x00000000ee000000,0x00000000f0c80000)
  from space 53248K, 81% used [0x00000000f4780000,0x00000000f71d14f8,0x00000000f7b80000)
  to   space 58880K, 0% used [0x00000000f0c80000,0x00000000f0c80000,0x00000000f4600000)
 ParOldGen       total 134144K, used 95378K [0x00000000ca000000, 0x00000000d2300000, 0x00000000ee000000)
  object space 134144K, 71% used [0x00000000ca000000,0x00000000cfd24830,0x00000000d2300000)
 PSPermGen       total 45056K, used 19897K [0x00000000c4e00000, 0x00000000c7a00000, 0x00000000ca000000)
  object space 45056K, 44% used [0x00000000c4e00000,0x00000000c616e718,0x00000000c7a00000)
}
Event: 6.068 GC heap before
{Heap before GC invocations=13 (full 2):
 PSYoungGen      total 98816K, used 88901K [0x00000000ee000000, 0x00000000f7f80000, 0x0000000100000000)
  eden space 45568K, 100% used [0x00000000ee000000,0x00000000f0c80000,0x00000000f0c80000)
  from space 53248K, 81% used [0x00000000f4780000,0x00000000f71d14f8,0x00000000f7b80000)
  to   space 58880K, 0% used [0x00000000f0c80000,0x00000000f0c80000,0x00000000f4600000)
 ParOldGen       total 134144K, used 95378K [0x00000000ca000000, 0x00000000d2300000, 0x00000000ee000000)
  object space 134144K, 71% used [0x00000000ca000000,0x00000000cfd24830,0x00000000d2300000)
 PSPermGen       total 45056K, used 19897K [0x00000000c4e00000, 0x00000000c7a00000, 0x00000000ca000000)
  object space 45056K, 44% used [0x00000000c4e00000,0x00000000c616e718,0x00000000c7a00000)
Event: 6.155 GC heap after
Heap after GC invocations=13 (full 2):
 PSYoungGen      total 104448K, used 58872K [0x00000000ee000000, 0x00000000fac80000, 0x0000000100000000)
  eden space 45568K, 0% used [0x00000000ee000000,0x00000000ee000000,0x00000000f0c80000)
  from space 58880K, 99% used [0x00000000f0c80000,0x00000000f45fe090,0x00000000f4600000)
  to   space 77312K, 0% used [0x00000000f6100000,0x00000000f6100000,0x00000000fac80000)
 ParOldGen       total 134144K, used 118071K [0x00000000ca000000, 0x00000000d2300000, 0x00000000ee000000)
  object space 134144K, 88% used [0x00000000ca000000,0x00000000d134dcc0,0x00000000d2300000)
 PSPermGen       total 45056K, used 19897K [0x00000000c4e00000, 0x00000000c7a00000, 0x00000000ca000000)
  object space 45056K, 44% used [0x00000000c4e00000,0x00000000c616e718,0x00000000c7a00000)
}
Event: 6.155 GC heap before
{Heap before GC invocations=14 (full 3):
 PSYoungGen      total 104448K, used 58872K [0x00000000ee000000, 0x00000000fac80000, 0x0000000100000000)
  eden space 45568K, 0% used [0x00000000ee000000,0x00000000ee000000,0x00000000f0c80000)
  from space 58880K, 99% used [0x00000000f0c80000,0x00000000f45fe090,0x00000000f4600000)
  to   space 77312K, 0% used [0x00000000f6100000,0x00000000f6100000,0x00000000fac80000)
 ParOldGen       total 134144K, used 118071K [0x00000000ca000000, 0x00000000d2300000, 0x00000000ee000000)
  object space 134144K, 88% used [0x00000000ca000000,0x00000000d134dcc0,0x00000000d2300000)
 PSPermGen       total 45056K, used 19897K [0x00000000c4e00000, 0x00000000c7a00000, 0x00000000ca000000)
  object space 45056K, 44% used [0x00000000c4e00000,0x00000000c616e718,0x00000000c7a00000)

