# JRE version: Java(TM) SE Runtime Environment (7.0_51-b13) (build 1.7.0_51-b13)
# Java VM: Java HotSpot(TM) 64-Bit Server VM (24.51-b03 mixed mode linux-amd64 compressed oops)
Heap
 PSYoungGen      total 116224K, used 58848K [0x00000000ee000000, 0x00000000f8b00000, 0x0000000100000000)
  eden space 57344K, 0% used [0x00000000ee000000,0x00000000ee000000,0x00000000f1800000)
  from space 58880K, 99% used [0x00000000f1800000,0x00000000f5178010,0x00000000f5180000)
  to   space 46592K, 0% used [0x00000000f5180000,0x00000000f5180000,0x00000000f7f00000)
 ParOldGen       total 138240K, used 116717K [0x00000000ca000000, 0x00000000d2700000, 0x00000000ee000000)
  object space 138240K, 84% used [0x00000000ca000000,0x00000000d11fb638,0x00000000d2700000)
 PSPermGen       total 45056K, used 19926K [0x00000000c4e00000, 0x00000000c7a00000, 0x00000000ca000000)
  object space 45056K, 44% used [0x00000000c4e00000,0x00000000c6175aa0,0x00000000c7a00000)
GC Heap History (10 events):
Event: 4.406 GC heap after
Heap after GC invocations=6 (full 1):
 PSYoungGen      total 30720K, used 0K [0x00000000ee000000, 0x00000000f3f00000, 0x0000000100000000)
  eden space 28672K, 0% used [0x00000000ee000000,0x00000000ee000000,0x00000000efc00000)
  from space 2048K, 0% used [0x00000000efc00000,0x00000000efc00000,0x00000000efe00000)
  to   space 19968K, 0% used [0x00000000f2b80000,0x00000000f2b80000,0x00000000f3f00000)
 ParOldGen       total 73216K, used 31486K [0x00000000ca000000, 0x00000000ce780000, 0x00000000ee000000)
  object space 73216K, 43% used [0x00000000ca000000,0x00000000cbebf9e8,0x00000000ce780000)
 PSPermGen       total 39936K, used 19925K [0x00000000c4e00000, 0x00000000c7500000, 0x00000000ca000000)
  object space 39936K, 49% used [0x00000000c4e00000,0x00000000c61754c0,0x00000000c7500000)
}
Event: 4.723 GC heap before
{Heap before GC invocations=7 (full 1):
 PSYoungGen      total 30720K, used 28672K [0x00000000ee000000, 0x00000000f3f00000, 0x0000000100000000)
  eden space 28672K, 100% used [0x00000000ee000000,0x00000000efc00000,0x00000000efc00000)
  from space 2048K, 0% used [0x00000000efc00000,0x00000000efc00000,0x00000000efe00000)
  to   space 19968K, 0% used [0x00000000f2b80000,0x00000000f2b80000,0x00000000f3f00000)
 ParOldGen       total 73216K, used 31486K [0x00000000ca000000, 0x00000000ce780000, 0x00000000ee000000)
  object space 73216K, 43% used [0x00000000ca000000,0x00000000cbebf9e8,0x00000000ce780000)
 PSPermGen       total 39936K, used 19926K [0x00000000c4e00000, 0x00000000c7500000, 0x00000000ca000000)
  object space 39936K, 49% used [0x00000000c4e00000,0x00000000c6175b00,0x00000000c7500000)
Event: 4.754 GC heap after
Heap after GC invocations=7 (full 1):
 PSYoungGen      total 60928K, used 19958K [0x00000000ee000000, 0x00000000f3f00000, 0x0000000100000000)
  eden space 40960K, 0% used [0x00000000ee000000,0x00000000ee000000,0x00000000f0800000)
  from space 19968K, 99% used [0x00000000f2b80000,0x00000000f3efd828,0x00000000f3f00000)
  to   space 27136K, 0% used [0x00000000f0a00000,0x00000000f0a00000,0x00000000f2480000)
 ParOldGen       total 73216K, used 35523K [0x00000000ca000000, 0x00000000ce780000, 0x00000000ee000000)
  object space 73216K, 48% used [0x00000000ca000000,0x00000000cc2b0e50,0x00000000ce780000)
 PSPermGen       total 39936K, used 19926K [0x00000000c4e00000, 0x00000000c7500000, 0x00000000ca000000)
  object space 39936K, 49% used [0x00000000c4e00000,0x00000000c6175b00,0x00000000c7500000)
}
Event: 4.974 GC heap before
{Heap before GC invocations=8 (full 1):
 PSYoungGen      total 60928K, used 60918K [0x00000000ee000000, 0x00000000f3f00000, 0x0000000100000000)
  eden space 40960K, 100% used [0x00000000ee000000,0x00000000f0800000,0x00000000f0800000)
  from space 19968K, 99% used [0x00000000f2b80000,0x00000000f3efd828,0x00000000f3f00000)
  to   space 27136K, 0% used [0x00000000f0a00000,0x00000000f0a00000,0x00000000f2480000)
 ParOldGen       total 73216K, used 35523K [0x00000000ca000000, 0x00000000ce780000, 0x00000000ee000000)
  object space 73216K, 48% used [0x00000000ca000000,0x00000000cc2b0e50,0x00000000ce780000)
 PSPermGen       total 39936K, used 19926K [0x00000000c4e00000, 0x00000000c7500000, 0x00000000ca000000)
  object space 39936K, 49% used [0x00000000c4e00000,0x00000000c6175b00,0x00000000c7500000)
Event: 5.101 GC heap after
Heap after GC invocations=8 (full 1):
 PSYoungGen      total 70144K, used 27104K [0x00000000ee000000, 0x00000000f7f00000, 0x0000000100000000)
  eden space 43008K, 0% used [0x00000000ee000000,0x00000000ee000000,0x00000000f0a00000)
  from space 27136K, 99% used [0x00000000f0a00000,0x00000000f2478080,0x00000000f2480000)
  to   space 46592K, 0% used [0x00000000f5180000,0x00000000f5180000,0x00000000f7f00000)
 ParOldGen       total 73216K, used 62700K [0x00000000ca000000, 0x00000000ce780000, 0x00000000ee000000)
  object space 73216K, 85% used [0x00000000ca000000,0x00000000cdd3b228,0x00000000ce780000)
 PSPermGen       total 39936K, used 19926K [0x00000000c4e00000, 0x00000000c7500000, 0x00000000ca000000)
  object space 39936K, 49% used [0x00000000c4e00000,0x00000000c6175b00,0x00000000c7500000)
}
Event: 5.101 GC heap before
{Heap before GC invocations=9 (full 2):
 PSYoungGen      total 70144K, used 27104K [0x00000000ee000000, 0x00000000f7f00000, 0x0000000100000000)
  eden space 43008K, 0% used [0x00000000ee000000,0x00000000ee000000,0x00000000f0a00000)
  from space 27136K, 99% used [0x00000000f0a00000,0x00000000f2478080,0x00000000f2480000)
  to   space 46592K, 0% used [0x00000000f5180000,0x00000000f5180000,0x00000000f7f00000)
 ParOldGen       total 73216K, used 62700K [0x00000000ca000000, 0x00000000ce780000, 0x00000000ee000000)
  object space 73216K, 85% used [0x00000000ca000000,0x00000000cdd3b228,0x00000000ce780000)
 PSPermGen       total 39936K, used 19926K [0x00000000c4e00000, 0x00000000c7500000, 0x00000000ca000000)
  object space 39936K, 49% used [0x00000000c4e00000,0x00000000c6175b00,0x00000000c7500000)
Event: 5.635 GC heap after
Heap after GC invocations=9 (full 2):
 PSYoungGen      total 70144K, used 15771K [0x00000000ee000000, 0x00000000f7f00000, 0x0000000100000000)
  eden space 43008K, 0% used [0x00000000ee000000,0x00000000ee000000,0x00000000f0a00000)
  from space 27136K, 58% used [0x00000000f0a00000,0x00000000f1966ff0,0x00000000f2480000)
  to   space 46592K, 0% used [0x00000000f5180000,0x00000000f5180000,0x00000000f7f00000)
 ParOldGen       total 138240K, used 72912K [0x00000000ca000000, 0x00000000d2700000, 0x00000000ee000000)
  object space 138240K, 52% used [0x00000000ca000000,0x00000000ce7342b8,0x00000000d2700000)
 PSPermGen       total 45056K, used 19926K [0x00000000c4e00000, 0x00000000c7a00000, 0x00000000ca000000)
  object space 45056K, 44% used [0x00000000c4e00000,0x00000000c6175aa0,0x00000000c7a00000)
}
Event: 5.903 GC heap before
{Heap before GC invocations=10 (full 2):
 PSYoungGen      total 70144K, used 58779K [0x00000000ee000000, 0x00000000f7f00000, 0x0000000100000000)
  eden space 43008K, 100% used [0x00000000ee000000,0x00000000f0a00000,0x00000000f0a00000)
  from space 27136K, 58% used [0x00000000f0a00000,0x00000000f1966ff0,0x00000000f2480000)
  to   space 46592K, 0% used [0x00000000f5180000,0x00000000f5180000,0x00000000f7f00000)
 ParOldGen       total 138240K, used 72912K [0x00000000ca000000, 0x00000000d2700000, 0x00000000ee000000)
  object space 138240K, 52% used [0x00000000ca000000,0x00000000ce7342b8,0x00000000d2700000)
 PSPermGen       total 45056K, used 19926K [0x00000000c4e00000, 0x00000000c7a00000, 0x00000000ca000000)
  object space 45056K, 44% used [0x00000000c4e00000,0x00000000c6175aa0,0x00000000c7a00000)
Event: 6.012 GC heap after
Heap after GC invocations=10 (full 2):
 PSYoungGen      total 103936K, used 46592K [0x00000000ee000000, 0x00000000f8b00000, 0x0000000100000000)
  eden space 57344K, 0% used [0x00000000ee000000,0x00000000ee000000,0x00000000f1800000)
  from space 46592K, 100% used [0x00000000f5180000,0x00000000f7f00000,0x00000000f7f00000)
  to   space 58880K, 0% used [0x00000000f1800000,0x00000000f1800000,0x00000000f5180000)
 ParOldGen       total 138240K, used 79080K [0x00000000ca000000, 0x00000000d2700000, 0x00000000ee000000)
  object space 138240K, 57% used [0x00000000ca000000,0x00000000ced3a128,0x00000000d2700000)
 PSPermGen       total 45056K, used 19926K [0x00000000c4e00000, 0x00000000c7a00000, 0x00000000ca000000)
  object space 45056K, 44% used [0x00000000c4e00000,0x00000000c6175aa0,0x00000000c7a00000)
}
Event: 6.509 GC heap before
{Heap before GC invocations=11 (full 2):
 PSYoungGen      total 103936K, used 103936K [0x00000000ee000000, 0x00000000f8b00000, 0x0000000100000000)
  eden space 57344K, 100% used [0x00000000ee000000,0x00000000f1800000,0x00000000f1800000)
  from space 46592K, 100% used [0x00000000f5180000,0x00000000f7f00000,0x00000000f7f00000)
  to   space 58880K, 0% used [0x00000000f1800000,0x00000000f1800000,0x00000000f5180000)
 ParOldGen       total 138240K, used 79080K [0x00000000ca000000, 0x00000000d2700000, 0x00000000ee000000)
  object space 138240K, 57% used [0x00000000ca000000,0x00000000ced3a128,0x00000000d2700000)
 PSPermGen       total 45056K, used 19926K [0x00000000c4e00000, 0x00000000c7a00000, 0x00000000ca000000)
  object space 45056K, 44% used [0x00000000c4e00000,0x00000000c6175aa0,0x00000000c7a00000)

